-- The C compiler identification is GNU 13.3.0
-- The CXX compiler identification is GNU 13.3.0
-- Detecting C compiler ABI info
-- Detecting C compiler ABI info - done
-- Check for working C compiler: /usr/bin/cc - skipped
-- Detecting C compile features
-- Detecting C compile features - done
-- Detecting CXX compiler ABI info
-- Detecting CXX compiler ABI info - done
-- Check for working CXX compiler: /usr/bin/c++ - skipped
-- Detecting CXX compile features
-- Detecting CXX compile features - done
-- Found ament_cmake: 2.5.3 (/opt/ros/jazzy/share/ament_cmake/cmake)
-- Found Python3: /usr/local/bin/python3.10 (found version "3.10.13") found components: Interpreter 
-- Override CMake install command with custom implementation using symlinks instead of copying resources
-- Found rclcpp: 28.1.6 (/opt/ros/jazzy/share/rclcpp/cmake)
-- Found rosidl_generator_c: 4.6.5 (/opt/ros/jazzy/share/rosidl_generator_c/cmake)
-- Found rosidl_generator_cpp: 4.6.5 (/opt/ros/jazzy/share/rosidl_generator_cpp/cmake)
-- Using all available rosidl_typesupport_c: rosidl_typesupport_fastrtps_c;rosidl_typesupport_introspection_c
-- Using all available rosidl_typesupport_cpp: rosidl_typesupport_fastrtps_cpp;rosidl_typesupport_introspection_cpp
-- Found rmw_implementation_cmake: 7.3.1 (/opt/ros/jazzy/share/rmw_implementation_cmake/cmake)
-- Found rmw_fastrtps_cpp: 8.4.1 (/opt/ros/jazzy/share/rmw_fastrtps_cpp/cmake)
-- Found OpenSSL: /usr/lib/x86_64-linux-gnu/libcrypto.so (found version "3.0.13")  
-- Found FastRTPS: /opt/ros/jazzy/include (Required is at least version "2.13") 
-- Using RMW implementation 'rmw_fastrtps_cpp' as default
-- Found std_msgs: 5.3.5 (/opt/ros/jazzy/share/std_msgs/cmake)
-- Found ament_lint_auto: 0.17.1 (/opt/ros/jazzy/share/ament_lint_auto/cmake)
-- Added test 'lint_cmake' to check CMake code style
-- Added test 'xmllint' to check XML markup files
-- Configuring done (2.8s)
-- Generating done (0.0s)
-- Build files have been written to: /home/malvadet/ros2_ws/build/my_cpp_package
-- Install configuration: ""
-- Execute custom install script
-- Symlinking: /home/malvadet/ros2_ws/install/my_cpp_package/share/ament_index/resource_index/package_run_dependencies/my_cpp_package
-- Symlinking: /home/malvadet/ros2_ws/install/my_cpp_package/share/ament_index/resource_index/parent_prefix_path/my_cpp_package
-- Symlinking: /home/malvadet/ros2_ws/install/my_cpp_package/share/my_cpp_package/environment/ament_prefix_path.sh
-- Symlinking: /home/malvadet/ros2_ws/install/my_cpp_package/share/my_cpp_package/environment/ament_prefix_path.dsv
-- Symlinking: /home/malvadet/ros2_ws/install/my_cpp_package/share/my_cpp_package/environment/path.sh
-- Symlinking: /home/malvadet/ros2_ws/install/my_cpp_package/share/my_cpp_package/environment/path.dsv
-- Symlinking: /home/malvadet/ros2_ws/install/my_cpp_package/share/my_cpp_package/local_setup.bash
-- Symlinking: /home/malvadet/ros2_ws/install/my_cpp_package/share/my_cpp_package/local_setup.sh
-- Symlinking: /home/malvadet/ros2_ws/install/my_cpp_package/share/my_cpp_package/local_setup.zsh
-- Symlinking: /home/malvadet/ros2_ws/install/my_cpp_package/share/my_cpp_package/local_setup.dsv
-- Symlinking: /home/malvadet/ros2_ws/install/my_cpp_package/share/my_cpp_package/package.dsv
-- Symlinking: /home/malvadet/ros2_ws/install/my_cpp_package/share/ament_index/resource_index/packages/my_cpp_package
-- Symlinking: /home/malvadet/ros2_ws/install/my_cpp_package/share/my_cpp_package/cmake/my_cpp_packageConfig.cmake
-- Symlinking: /home/malvadet/ros2_ws/install/my_cpp_package/share/my_cpp_package/cmake/my_cpp_packageConfig-version.cmake
-- Symlinking: /home/malvadet/ros2_ws/install/my_cpp_package/share/my_cpp_package/package.xml
