[0.009s] Invoking command in '/home/malvadet/ros2_ws/build/beginner_tutorials': CMAKE_PREFIX_PATH=${CMAKE_PREFIX_PATH}:/opt/ros/jazzy DEBUGINFOD_URLS=https://debuginfod.ubuntu.com /usr/bin/cmake --build /home/malvadet/ros2_ws/build/beginner_tutorials -- -j12 -l12
[0.039s] Invoked command in '/home/malvadet/ros2_ws/build/beginner_tutorials' returned '0': CMAKE_PREFIX_PATH=${CMAKE_PREFIX_PATH}:/opt/ros/jazzy DEBUGINFOD_URLS=https://debuginfod.ubuntu.com /usr/bin/cmake --build /home/malvadet/ros2_ws/build/beginner_tutorials -- -j12 -l12
[0.045s] Invoking command in '/home/malvadet/ros2_ws/build/beginner_tutorials': CMAKE_PREFIX_PATH=${CMAKE_PREFIX_PATH}:/opt/ros/jazzy DEBUGINFOD_URLS=https://debuginfod.ubuntu.com /usr/bin/cmake --install /home/malvadet/ros2_ws/build/beginner_tutorials
[0.050s] -- Install configuration: ""
[0.050s] -- Installing: /home/malvadet/ros2_ws/install/beginner_tutorials/lib/beginner_tutorials/talker.py
[0.050s] -- Installing: /home/malvadet/ros2_ws/install/beginner_tutorials/lib/beginner_tutorials/listener.py
[0.051s] -- Up-to-date: /home/malvadet/ros2_ws/install/beginner_tutorials/share/ament_index/resource_index/package_run_dependencies/beginner_tutorials
[0.051s] -- Up-to-date: /home/malvadet/ros2_ws/install/beginner_tutorials/share/ament_index/resource_index/parent_prefix_path/beginner_tutorials
[0.051s] -- Up-to-date: /home/malvadet/ros2_ws/install/beginner_tutorials/share/beginner_tutorials/environment/ament_prefix_path.sh
[0.051s] -- Up-to-date: /home/malvadet/ros2_ws/install/beginner_tutorials/share/beginner_tutorials/environment/ament_prefix_path.dsv
[0.051s] -- Up-to-date: /home/malvadet/ros2_ws/install/beginner_tutorials/share/beginner_tutorials/environment/path.sh
[0.051s] -- Up-to-date: /home/malvadet/ros2_ws/install/beginner_tutorials/share/beginner_tutorials/environment/path.dsv
[0.051s] -- Up-to-date: /home/malvadet/ros2_ws/install/beginner_tutorials/share/beginner_tutorials/local_setup.bash
[0.051s] -- Up-to-date: /home/malvadet/ros2_ws/install/beginner_tutorials/share/beginner_tutorials/local_setup.sh
[0.051s] -- Up-to-date: /home/malvadet/ros2_ws/install/beginner_tutorials/share/beginner_tutorials/local_setup.zsh
[0.051s] -- Up-to-date: /home/malvadet/ros2_ws/install/beginner_tutorials/share/beginner_tutorials/local_setup.dsv
[0.051s] -- Up-to-date: /home/malvadet/ros2_ws/install/beginner_tutorials/share/beginner_tutorials/package.dsv
[0.051s] -- Up-to-date: /home/malvadet/ros2_ws/install/beginner_tutorials/share/ament_index/resource_index/packages/beginner_tutorials
[0.051s] -- Up-to-date: /home/malvadet/ros2_ws/install/beginner_tutorials/share/beginner_tutorials/cmake/beginner_tutorialsConfig.cmake
[0.051s] -- Up-to-date: /home/malvadet/ros2_ws/install/beginner_tutorials/share/beginner_tutorials/cmake/beginner_tutorialsConfig-version.cmake
[0.051s] -- Up-to-date: /home/malvadet/ros2_ws/install/beginner_tutorials/share/beginner_tutorials/package.xml
[0.052s] Invoked command in '/home/malvadet/ros2_ws/build/beginner_tutorials' returned '0': CMAKE_PREFIX_PATH=${CMAKE_PREFIX_PATH}:/opt/ros/jazzy DEBUGINFOD_URLS=https://debuginfod.ubuntu.com /usr/bin/cmake --install /home/malvadet/ros2_ws/build/beginner_tutorials
