[0.012s] Invoking command in '/home/malvadet/ros2_ws/build/beginner_tutorials': CMAKE_PREFIX_PATH=${CMAKE_PREFIX_PATH}:/opt/ros/jazzy DEBUGINFOD_URLS=https://debuginfod.ubuntu.com /usr/bin/cmake /home/malvadet/ros2_ws/src/beginner_tutorials -DCMAKE_INSTALL_PREFIX=/home/malvadet/ros2_ws/install/beginner_tutorials
[0.222s] -- The C compiler identification is GNU 13.3.0
[0.736s] -- The CXX compiler identification is GNU 13.3.0
[1.175s] -- Detecting C compiler ABI info
[1.364s] -- Detecting C compiler ABI info - done
[1.370s] -- Check for working C compiler: /usr/bin/cc - skipped
[1.371s] -- Detecting C compile features
[1.371s] -- Detecting C compile features - done
[1.447s] -- Detecting CXX compiler ABI info
[1.634s] -- Detecting CXX compiler ABI info - done
[1.640s] -- Check for working CXX compiler: /usr/bin/c++ - skipped
[1.640s] -- Detecting CXX compile features
[1.640s] -- Detecting CXX compile features - done
[1.655s] -- Found ament_cmake: 2.5.3 (/opt/ros/jazzy/share/ament_cmake/cmake)
[1.759s] -- Found Python3: /usr/local/bin/python3.10 (found version "3.10.13") found components: Interpreter 
[1.878s] -- Found rclpy: 7.1.3 (/opt/ros/jazzy/share/rclpy/cmake)
[1.880s] -- Found std_msgs: 5.3.5 (/opt/ros/jazzy/share/std_msgs/cmake)
[2.042s] -- Found rosidl_generator_c: 4.6.5 (/opt/ros/jazzy/share/rosidl_generator_c/cmake)
[2.056s] -- Found rosidl_generator_cpp: 4.6.5 (/opt/ros/jazzy/share/rosidl_generator_cpp/cmake)
[2.076s] -- Using all available rosidl_typesupport_c: rosidl_typesupport_fastrtps_c;rosidl_typesupport_introspection_c
[2.096s] -- Using all available rosidl_typesupport_cpp: rosidl_typesupport_fastrtps_cpp;rosidl_typesupport_introspection_cpp
[2.133s] -- Found ament_lint_auto: 0.17.1 (/opt/ros/jazzy/share/ament_lint_auto/cmake)
[2.230s] -- Added test 'flake8' to check Python code syntax and style conventions
[2.230s] -- Configured 'flake8' exclude dirs and/or files: 
[2.231s] -- Added test 'lint_cmake' to check CMake code style
[2.232s] -- Added test 'pep257' to check Python code against some of the docstring style conventions in PEP 257
[2.233s] -- Added test 'xmllint' to check XML markup files
[2.235s] -- Configuring done (2.2s)
[2.238s] -- Generating done (0.0s)
[2.240s] -- Build files have been written to: /home/malvadet/ros2_ws/build/beginner_tutorials
[2.245s] Invoked command in '/home/malvadet/ros2_ws/build/beginner_tutorials' returned '0': CMAKE_PREFIX_PATH=${CMAKE_PREFIX_PATH}:/opt/ros/jazzy DEBUGINFOD_URLS=https://debuginfod.ubuntu.com /usr/bin/cmake /home/malvadet/ros2_ws/src/beginner_tutorials -DCMAKE_INSTALL_PREFIX=/home/malvadet/ros2_ws/install/beginner_tutorials
[2.246s] Invoking command in '/home/malvadet/ros2_ws/build/beginner_tutorials': CMAKE_PREFIX_PATH=${CMAKE_PREFIX_PATH}:/opt/ros/jazzy DEBUGINFOD_URLS=https://debuginfod.ubuntu.com /usr/bin/cmake --build /home/malvadet/ros2_ws/build/beginner_tutorials -- -j12 -l12
[2.267s] Invoked command in '/home/malvadet/ros2_ws/build/beginner_tutorials' returned '0': CMAKE_PREFIX_PATH=${CMAKE_PREFIX_PATH}:/opt/ros/jazzy DEBUGINFOD_URLS=https://debuginfod.ubuntu.com /usr/bin/cmake --build /home/malvadet/ros2_ws/build/beginner_tutorials -- -j12 -l12
[2.274s] Invoking command in '/home/malvadet/ros2_ws/build/beginner_tutorials': CMAKE_PREFIX_PATH=${CMAKE_PREFIX_PATH}:/opt/ros/jazzy DEBUGINFOD_URLS=https://debuginfod.ubuntu.com /usr/bin/cmake --install /home/malvadet/ros2_ws/build/beginner_tutorials
[2.278s] -- Install configuration: ""
[2.279s] -- Installing: /home/malvadet/ros2_ws/install/beginner_tutorials/lib/beginner_tutorials/talker.py
[2.279s] -- Installing: /home/malvadet/ros2_ws/install/beginner_tutorials/lib/beginner_tutorials/listener.py
[2.279s] -- Installing: /home/malvadet/ros2_ws/install/beginner_tutorials/share/ament_index/resource_index/package_run_dependencies/beginner_tutorials
[2.280s] -- Installing: /home/malvadet/ros2_ws/install/beginner_tutorials/share/ament_index/resource_index/parent_prefix_path/beginner_tutorials
[2.280s] -- Installing: /home/malvadet/ros2_ws/install/beginner_tutorials/share/beginner_tutorials/environment/ament_prefix_path.sh
[2.280s] -- Installing: /home/malvadet/ros2_ws/install/beginner_tutorials/share/beginner_tutorials/environment/ament_prefix_path.dsv
[2.280s] -- Installing: /home/malvadet/ros2_ws/install/beginner_tutorials/share/beginner_tutorials/environment/path.sh
[2.281s] -- Installing: /home/malvadet/ros2_ws/install/beginner_tutorials/share/beginner_tutorials/environment/path.dsv
[2.281s] -- Installing: /home/malvadet/ros2_ws/install/beginner_tutorials/share/beginner_tutorials/local_setup.bash
[2.281s] -- Installing: /home/malvadet/ros2_ws/install/beginner_tutorials/share/beginner_tutorials/local_setup.sh
[2.281s] -- Installing: /home/malvadet/ros2_ws/install/beginner_tutorials/share/beginner_tutorials/local_setup.zsh
[2.281s] -- Installing: /home/malvadet/ros2_ws/install/beginner_tutorials/share/beginner_tutorials/local_setup.dsv
[2.282s] -- Installing: /home/malvadet/ros2_ws/install/beginner_tutorials/share/beginner_tutorials/package.dsv
[2.282s] -- Installing: /home/malvadet/ros2_ws/install/beginner_tutorials/share/ament_index/resource_index/packages/beginner_tutorials
[2.282s] -- Installing: /home/malvadet/ros2_ws/install/beginner_tutorials/share/beginner_tutorials/cmake/beginner_tutorialsConfig.cmake
[2.282s] -- Installing: /home/malvadet/ros2_ws/install/beginner_tutorials/share/beginner_tutorials/cmake/beginner_tutorialsConfig-version.cmake
[2.282s] -- Installing: /home/malvadet/ros2_ws/install/beginner_tutorials/share/beginner_tutorials/package.xml
[2.282s] Invoked command in '/home/malvadet/ros2_ws/build/beginner_tutorials' returned '0': CMAKE_PREFIX_PATH=${CMAKE_PREFIX_PATH}:/opt/ros/jazzy DEBUGINFOD_URLS=https://debuginfod.ubuntu.com /usr/bin/cmake --install /home/malvadet/ros2_ws/build/beginner_tutorials
